# JRE version: Java(TM) SE Runtime Environment (8.0_151-b12) (build 1.8.0_151-b12)
# Java VM: Java HotSpot(TM) 64-Bit Server VM (25.151-b12 mixed mode linux-amd64 compressed oops)
Heap:
 PSYoungGen      total 172544K, used 0K [0x00000000eb780000, 0x00000000f7280000, 0x0000000100000000)
  eden space 159744K, 0% used [0x00000000eb780000,0x00000000eb780000,0x00000000f5380000)
  from space 12800K, 0% used [0x00000000f6600000,0x00000000f6600000,0x00000000f7280000)
  to   space 15872K, 0% used [0x00000000f5380000,0x00000000f5380000,0x00000000f6300000)
 ParOldGen       total 56320K, used 31033K [0x00000000c2600000, 0x00000000c5d00000, 0x00000000eb780000)
  object space 56320K, 55% used [0x00000000c2600000,0x00000000c444e4b8,0x00000000c5d00000)
 Metaspace       used 57052K, capacity 58936K, committed 58968K, reserved 1099776K
  class space    used 7665K, capacity 8014K, committed 8024K, reserved 1048576K
GC Heap History (10 events):
Event: 4.433 GC heap after
Heap after GC invocations=10 (full 1):
 PSYoungGen      total 101888K, used 8679K [0x00000000eb780000, 0x00000000f4780000, 0x0000000100000000)
  eden space 93184K, 0% used [0x00000000eb780000,0x00000000eb780000,0x00000000f1280000)
  from space 8704K, 99% used [0x00000000f1280000,0x00000000f1af9ff8,0x00000000f1b00000)
  to   space 11776K, 0% used [0x00000000f3c00000,0x00000000f3c00000,0x00000000f4780000)
 ParOldGen       total 37376K, used 18410K [0x00000000c2600000, 0x00000000c4a80000, 0x00000000eb780000)
  object space 37376K, 49% used [0x00000000c2600000,0x00000000c37faa18,0x00000000c4a80000)
 Metaspace       used 32670K, capacity 34042K, committed 34176K, reserved 1079296K
  class space    used 4193K, capacity 4469K, committed 4480K, reserved 1048576K
}
Event: 4.724 GC heap before
{Heap before GC invocations=11 (full 1):
 PSYoungGen      total 101888K, used 37491K [0x00000000eb780000, 0x00000000f4780000, 0x0000000100000000)
  eden space 93184K, 30% used [0x00000000eb780000,0x00000000ed3a2d88,0x00000000f1280000)
  from space 8704K, 99% used [0x00000000f1280000,0x00000000f1af9ff8,0x00000000f1b00000)
  to   space 11776K, 0% used [0x00000000f3c00000,0x00000000f3c00000,0x00000000f4780000)
 ParOldGen       total 37376K, used 18410K [0x00000000c2600000, 0x00000000c4a80000, 0x00000000eb780000)
  object space 37376K, 49% used [0x00000000c2600000,0x00000000c37faa18,0x00000000c4a80000)
 Metaspace       used 33862K, capacity 35286K, committed 35416K, reserved 1079296K
  class space    used 4349K, capacity 4617K, committed 4696K, reserved 1048576K
Event: 4.745 GC heap after
Heap after GC invocations=11 (full 1):
 PSYoungGen      total 135168K, used 8913K [0x00000000eb780000, 0x00000000f4d80000, 0x0000000100000000)
  eden space 123392K, 0% used [0x00000000eb780000,0x00000000eb780000,0x00000000f3000000)
  from space 11776K, 75% used [0x00000000f3c00000,0x00000000f44b4740,0x00000000f4780000)
  to   space 12288K, 0% used [0x00000000f3000000,0x00000000f3000000,0x00000000f3c00000)
 ParOldGen       total 37376K, used 20859K [0x00000000c2600000, 0x00000000c4a80000, 0x00000000eb780000)
  object space 37376K, 55% used [0x00000000c2600000,0x00000000c3a5ed60,0x00000000c4a80000)
 Metaspace       used 33862K, capacity 35286K, committed 35416K, reserved 1079296K
  class space    used 4349K, capacity 4617K, committed 4696K, reserved 1048576K
}
Event: 4.745 GC heap before
{Heap before GC invocations=12 (full 2):
 PSYoungGen      total 135168K, used 8913K [0x00000000eb780000, 0x00000000f4d80000, 0x0000000100000000)
  eden space 123392K, 0% used [0x00000000eb780000,0x00000000eb780000,0x00000000f3000000)
  from space 11776K, 75% used [0x00000000f3c00000,0x00000000f44b4740,0x00000000f4780000)
  to   space 12288K, 0% used [0x00000000f3000000,0x00000000f3000000,0x00000000f3c00000)
 ParOldGen       total 37376K, used 20859K [0x00000000c2600000, 0x00000000c4a80000, 0x00000000eb780000)
  object space 37376K, 55% used [0x00000000c2600000,0x00000000c3a5ed60,0x00000000c4a80000)
 Metaspace       used 33862K, capacity 35286K, committed 35416K, reserved 1079296K
  class space    used 4349K, capacity 4617K, committed 4696K, reserved 1048576K
Event: 4.812 GC heap after
Heap after GC invocations=12 (full 2):
 PSYoungGen      total 135168K, used 0K [0x00000000eb780000, 0x00000000f4d80000, 0x0000000100000000)
  eden space 123392K, 0% used [0x00000000eb780000,0x00000000eb780000,0x00000000f3000000)
  from space 11776K, 0% used [0x00000000f3c00000,0x00000000f3c00000,0x00000000f4780000)
  to   space 12288K, 0% used [0x00000000f3000000,0x00000000f3000000,0x00000000f3c00000)
 ParOldGen       total 56320K, used 18159K [0x00000000c2600000, 0x00000000c5d00000, 0x00000000eb780000)
  object space 56320K, 32% used [0x00000000c2600000,0x00000000c37bbcc8,0x00000000c5d00000)
 Metaspace       used 33862K, capacity 35286K, committed 35416K, reserved 1079296K
  class space    used 4349K, capacity 4617K, committed 4696K, reserved 1048576K
}
Event: 7.031 GC heap before
{Heap before GC invocations=13 (full 2):
 PSYoungGen      total 135168K, used 123392K [0x00000000eb780000, 0x00000000f4d80000, 0x0000000100000000)
  eden space 123392K, 100% used [0x00000000eb780000,0x00000000f3000000,0x00000000f3000000)
  from space 11776K, 0% used [0x00000000f3c00000,0x00000000f3c00000,0x00000000f4780000)
  to   space 12288K, 0% used [0x00000000f3000000,0x00000000f3000000,0x00000000f3c00000)
 ParOldGen       total 56320K, used 18159K [0x00000000c2600000, 0x00000000c5d00000, 0x00000000eb780000)
  object space 56320K, 32% used [0x00000000c2600000,0x00000000c37bbcc8,0x00000000c5d00000)
 Metaspace       used 47354K, capacity 48902K, committed 49368K, reserved 1091584K
  class space    used 6243K, capacity 6561K, committed 6616K, reserved 1048576K
Event: 7.052 GC heap after
Heap after GC invocations=13 (full 2):
 PSYoungGen      total 135680K, used 12261K [0x00000000eb780000, 0x00000000f7480000, 0x0000000100000000)
  eden space 123392K, 0% used [0x00000000eb780000,0x00000000eb780000,0x00000000f3000000)
  from space 12288K, 99% used [0x00000000f3000000,0x00000000f3bf9680,0x00000000f3c00000)
  to   space 14848K, 0% used [0x00000000f6600000,0x00000000f6600000,0x00000000f7480000)
 ParOldGen       total 56320K, used 20767K [0x00000000c2600000, 0x00000000c5d00000, 0x00000000eb780000)
  object space 56320K, 36% used [0x00000000c2600000,0x00000000c3a47c80,0x00000000c5d00000)
 Metaspace       used 47354K, capacity 48902K, committed 49368K, reserved 1091584K
  class space    used 6243K, capacity 6561K, committed 6616K, reserved 1048576K
}
Event: 16.651 GC heap before
{Heap before GC invocations=14 (full 2):
 PSYoungGen      total 135680K, used 135536K [0x00000000eb780000, 0x00000000f7480000, 0x0000000100000000)
  eden space 123392K, 99% used [0x00000000eb780000,0x00000000f2fe2a10,0x00000000f3000000)
  from space 12288K, 99% used [0x00000000f3000000,0x00000000f3bf9680,0x00000000f3c00000)
  to   space 14848K, 0% used [0x00000000f6600000,0x00000000f6600000,0x00000000f7480000)
 ParOldGen       total 56320K, used 20767K [0x00000000c2600000, 0x00000000c5d00000, 0x00000000eb780000)
  object space 56320K, 36% used [0x00000000c2600000,0x00000000c3a47c80,0x00000000c5d00000)
 Metaspace       used 57052K, capacity 58936K, committed 58968K, reserved 1099776K
  class space    used 7665K, capacity 8014K, committed 8024K, reserved 1048576K
Event: 16.692 GC heap after
Heap after GC invocations=14 (full 2):
 PSYoungGen      total 172544K, used 11763K [0x00000000eb780000, 0x00000000f7280000, 0x0000000100000000)
  eden space 159744K, 0% used [0x00000000eb780000,0x00000000eb780000,0x00000000f5380000)
  from space 12800K, 91% used [0x00000000f6600000,0x00000000f717cd38,0x00000000f7280000)
  to   space 15872K, 0% used [0x00000000f5380000,0x00000000f5380000,0x00000000f6300000)
 ParOldGen       total 56320K, used 25802K [0x00000000c2600000, 0x00000000c5d00000, 0x00000000eb780000)
  object space 56320K, 45% used [0x00000000c2600000,0x00000000c3f32be8,0x00000000c5d00000)
 Metaspace       used 57052K, capacity 58936K, committed 58968K, reserved 1099776K
  class space    used 7665K, capacity 8014K, committed 8024K, reserved 1048576K
}
Event: 16.692 GC heap before
{Heap before GC invocations=15 (full 3):
 PSYoungGen      total 172544K, used 11763K [0x00000000eb780000, 0x00000000f7280000, 0x0000000100000000)
  eden space 159744K, 0% used [0x00000000eb780000,0x00000000eb780000,0x00000000f5380000)
  from space 12800K, 91% used [0x00000000f6600000,0x00000000f717cd38,0x00000000f7280000)
  to   space 15872K, 0% used [0x00000000f5380000,0x00000000f5380000,0x00000000f6300000)
 ParOldGen       total 56320K, used 25802K [0x00000000c2600000, 0x00000000c5d00000, 0x00000000eb780000)
  object space 56320K, 45% used [0x00000000c2600000,0x00000000c3f32be8,0x00000000c5d00000)
 Metaspace       used 57052K, capacity 58936K, committed 58968K, reserved 1099776K
  class space    used 7665K, capacity 8014K, committed 8024K, reserved 1048576K

