# JRE version: Java(TM) SE Runtime Environment (8.0_151-b12) (build 1.8.0_151-b12)
# Java VM: Java HotSpot(TM) 64-Bit Server VM (25.151-b12 mixed mode linux-amd64 compressed oops)
Heap:
 PSYoungGen      total 151552K, used 11752K [0x00000000eb780000, 0x00000000f5880000, 0x0000000100000000)
  eden space 139776K, 0% used [0x00000000eb780000,0x00000000eb780000,0x00000000f4000000)
  from space 11776K, 99% used [0x00000000f4000000,0x00000000f4b7a018,0x00000000f4b80000)
  to   space 12288K, 0% used [0x00000000f4b80000,0x00000000f4b80000,0x00000000f5780000)
 ParOldGen       total 55296K, used 22023K [0x00000000c2600000, 0x00000000c5c00000, 0x00000000eb780000)
  object space 55296K, 39% used [0x00000000c2600000,0x00000000c3b81d98,0x00000000c5c00000)
 Metaspace       used 48838K, capacity 50468K, committed 50776K, reserved 1093632K
  class space    used 6439K, capacity 6734K, committed 6784K, reserved 1048576K
GC Heap History (10 events):
Event: 2.855 GC heap after
Heap after GC invocations=8 (full 1):
 PSYoungGen      total 70656K, used 4056K [0x00000000eb780000, 0x00000000f2a80000, 0x0000000100000000)
  eden space 63488K, 0% used [0x00000000eb780000,0x00000000eb780000,0x00000000ef580000)
  from space 7168K, 56% used [0x00000000ef580000,0x00000000ef9761e0,0x00000000efc80000)
  to   space 6656K, 0% used [0x00000000f2400000,0x00000000f2400000,0x00000000f2a80000)
 ParOldGen       total 36352K, used 10083K [0x00000000c2600000, 0x00000000c4980000, 0x00000000eb780000)
  object space 36352K, 27% used [0x00000000c2600000,0x00000000c2fd8f90,0x00000000c4980000)
 Metaspace       used 23589K, capacity 24306K, committed 24448K, reserved 1071104K
  class space    used 3019K, capacity 3189K, committed 3200K, reserved 1048576K
}
Event: 4.127 GC heap before
{Heap before GC invocations=9 (full 1):
 PSYoungGen      total 70656K, used 67544K [0x00000000eb780000, 0x00000000f2a80000, 0x0000000100000000)
  eden space 63488K, 100% used [0x00000000eb780000,0x00000000ef580000,0x00000000ef580000)
  from space 7168K, 56% used [0x00000000ef580000,0x00000000ef9761e0,0x00000000efc80000)
  to   space 6656K, 0% used [0x00000000f2400000,0x00000000f2400000,0x00000000f2a80000)
 ParOldGen       total 36352K, used 10083K [0x00000000c2600000, 0x00000000c4980000, 0x00000000eb780000)
  object space 36352K, 27% used [0x00000000c2600000,0x00000000c2fd8f90,0x00000000c4980000)
 Metaspace       used 28755K, capacity 30082K, committed 30208K, reserved 1075200K
  class space    used 3728K, capacity 3999K, committed 4096K, reserved 1048576K
Event: 4.137 GC heap after
Heap after GC invocations=9 (full 1):
 PSYoungGen      total 108032K, used 6640K [0x00000000eb780000, 0x00000000f2b80000, 0x0000000100000000)
  eden space 101376K, 0% used [0x00000000eb780000,0x00000000eb780000,0x00000000f1a80000)
  from space 6656K, 99% used [0x00000000f2400000,0x00000000f2a7c290,0x00000000f2a80000)
  to   space 8704K, 0% used [0x00000000f1a80000,0x00000000f1a80000,0x00000000f2300000)
 ParOldGen       total 36352K, used 12874K [0x00000000c2600000, 0x00000000c4980000, 0x00000000eb780000)
  object space 36352K, 35% used [0x00000000c2600000,0x00000000c3292be0,0x00000000c4980000)
 Metaspace       used 28755K, capacity 30082K, committed 30208K, reserved 1075200K
  class space    used 3728K, capacity 3999K, committed 4096K, reserved 1048576K
}
Event: 4.801 GC heap before
{Heap before GC invocations=10 (full 1):
 PSYoungGen      total 108032K, used 108016K [0x00000000eb780000, 0x00000000f2b80000, 0x0000000100000000)
  eden space 101376K, 100% used [0x00000000eb780000,0x00000000f1a80000,0x00000000f1a80000)
  from space 6656K, 99% used [0x00000000f2400000,0x00000000f2a7c290,0x00000000f2a80000)
  to   space 8704K, 0% used [0x00000000f1a80000,0x00000000f1a80000,0x00000000f2300000)
 ParOldGen       total 36352K, used 12874K [0x00000000c2600000, 0x00000000c4980000, 0x00000000eb780000)
  object space 36352K, 35% used [0x00000000c2600000,0x00000000c3292be0,0x00000000c4980000)
 Metaspace       used 32799K, capacity 34116K, committed 34176K, reserved 1079296K
  class space    used 4203K, capacity 4480K, committed 4480K, reserved 1048576K
Event: 4.821 GC heap after
Heap after GC invocations=10 (full 1):
 PSYoungGen      total 110080K, used 8689K [0x00000000eb780000, 0x00000000f5780000, 0x0000000100000000)
  eden space 101376K, 0% used [0x00000000eb780000,0x00000000eb780000,0x00000000f1a80000)
  from space 8704K, 99% used [0x00000000f1a80000,0x00000000f22fc7b8,0x00000000f2300000)
  to   space 12288K, 0% used [0x00000000f4b80000,0x00000000f4b80000,0x00000000f5780000)
 ParOldGen       total 36352K, used 19075K [0x00000000c2600000, 0x00000000c4980000, 0x00000000eb780000)
  object space 36352K, 52% used [0x00000000c2600000,0x00000000c38a0d28,0x00000000c4980000)
 Metaspace       used 32799K, capacity 34116K, committed 34176K, reserved 1079296K
  class space    used 4203K, capacity 4480K, committed 4480K, reserved 1048576K
}
Event: 5.257 GC heap before
{Heap before GC invocations=11 (full 1):
 PSYoungGen      total 110080K, used 29686K [0x00000000eb780000, 0x00000000f5780000, 0x0000000100000000)
  eden space 101376K, 20% used [0x00000000eb780000,0x00000000ecc01128,0x00000000f1a80000)
  from space 8704K, 99% used [0x00000000f1a80000,0x00000000f22fc7b8,0x00000000f2300000)
  to   space 12288K, 0% used [0x00000000f4b80000,0x00000000f4b80000,0x00000000f5780000)
 ParOldGen       total 36352K, used 19075K [0x00000000c2600000, 0x00000000c4980000, 0x00000000eb780000)
  object space 36352K, 52% used [0x00000000c2600000,0x00000000c38a0d28,0x00000000c4980000)
 Metaspace       used 33866K, capacity 35290K, committed 35416K, reserved 1079296K
  class space    used 4350K, capacity 4617K, committed 4736K, reserved 1048576K
Event: 5.275 GC heap after
Heap after GC invocations=11 (full 1):
 PSYoungGen      total 152064K, used 5299K [0x00000000eb780000, 0x00000000f5880000, 0x0000000100000000)
  eden space 139776K, 0% used [0x00000000eb780000,0x00000000eb780000,0x00000000f4000000)
  from space 12288K, 43% used [0x00000000f4b80000,0x00000000f50acd88,0x00000000f5780000)
  to   space 11776K, 0% used [0x00000000f4000000,0x00000000f4000000,0x00000000f4b80000)
 ParOldGen       total 36352K, used 24308K [0x00000000c2600000, 0x00000000c4980000, 0x00000000eb780000)
  object space 36352K, 66% used [0x00000000c2600000,0x00000000c3dbd0d0,0x00000000c4980000)
 Metaspace       used 33866K, capacity 35290K, committed 35416K, reserved 1079296K
  class space    used 4350K, capacity 4617K, committed 4736K, reserved 1048576K
}
Event: 5.275 GC heap before
{Heap before GC invocations=12 (full 2):
 PSYoungGen      total 152064K, used 5299K [0x00000000eb780000, 0x00000000f5880000, 0x0000000100000000)
  eden space 139776K, 0% used [0x00000000eb780000,0x00000000eb780000,0x00000000f4000000)
  from space 12288K, 43% used [0x00000000f4b80000,0x00000000f50acd88,0x00000000f5780000)
  to   space 11776K, 0% used [0x00000000f4000000,0x00000000f4000000,0x00000000f4b80000)
 ParOldGen       total 36352K, used 24308K [0x00000000c2600000, 0x00000000c4980000, 0x00000000eb780000)
  object space 36352K, 66% used [0x00000000c2600000,0x00000000c3dbd0d0,0x00000000c4980000)
 Metaspace       used 33866K, capacity 35290K, committed 35416K, reserved 1079296K
  class space    used 4350K, capacity 4617K, committed 4736K, reserved 1048576K
Event: 5.356 GC heap after
Heap after GC invocations=12 (full 2):
 PSYoungGen      total 152064K, used 0K [0x00000000eb780000, 0x00000000f5880000, 0x0000000100000000)
  eden space 139776K, 0% used [0x00000000eb780000,0x00000000eb780000,0x00000000f4000000)
  from space 12288K, 0% used [0x00000000f4b80000,0x00000000f4b80000,0x00000000f5780000)
  to   space 11776K, 0% used [0x00000000f4000000,0x00000000f4000000,0x00000000f4b80000)
 ParOldGen       total 55296K, used 17512K [0x00000000c2600000, 0x00000000c5c00000, 0x00000000eb780000)
  object space 55296K, 31% used [0x00000000c2600000,0x00000000c371a0b8,0x00000000c5c00000)
 Metaspace       used 33866K, capacity 35290K, committed 35416K, reserved 1079296K
  class space    used 4350K, capacity 4617K, committed 4736K, reserved 1048576K
}
Event: 7.687 GC heap before
{Heap before GC invocations=13 (full 2):
 PSYoungGen      total 152064K, used 139776K [0x00000000eb780000, 0x00000000f5880000, 0x0000000100000000)
  eden space 139776K, 100% used [0x00000000eb780000,0x00000000f4000000,0x00000000f4000000)
  from space 12288K, 0% used [0x00000000f4b80000,0x00000000f4b80000,0x00000000f5780000)
  to   space 11776K, 0% used [0x00000000f4000000,0x00000000f4000000,0x00000000f4b80000)
 ParOldGen       total 55296K, used 17512K [0x00000000c2600000, 0x00000000c5c00000, 0x00000000eb780000)
  object space 55296K, 31% used [0x00000000c2600000,0x00000000c371a0b8,0x00000000c5c00000)
 Metaspace       used 48838K, capacity 50468K, committed 50776K, reserved 1093632K
  class space    used 6439K, capacity 6734K, committed 6784K, reserved 1048576K

