# JRE version: Java(TM) SE Runtime Environment (8.0_151-b12) (build 1.8.0_151-b12)
# Java VM: Java HotSpot(TM) 64-Bit Server VM (25.151-b12 mixed mode linux-amd64 compressed oops)
Heap:
 PSYoungGen      total 139776K, used 0K [0x00000000eb780000, 0x00000000f5400000, 0x0000000100000000)
  eden space 128000K, 0% used [0x00000000eb780000,0x00000000eb780000,0x00000000f3480000)
  from space 11776K, 0% used [0x00000000f4080000,0x00000000f4080000,0x00000000f4c00000)
  to   space 12288K, 0% used [0x00000000f3480000,0x00000000f3480000,0x00000000f4080000)
 ParOldGen       total 33280K, used 18317K [0x00000000c2600000, 0x00000000c4680000, 0x00000000eb780000)
  object space 33280K, 55% used [0x00000000c2600000,0x00000000c37e3690,0x00000000c4680000)
 Metaspace       used 33879K, capacity 35280K, committed 35416K, reserved 1079296K
  class space    used 4346K, capacity 4616K, committed 4696K, reserved 1048576K
GC Heap History (10 events):
Event: 1.605 GC heap after
Heap after GC invocations=7 (full 1):
 PSYoungGen      total 70656K, used 0K [0x00000000eb780000, 0x00000000f0380000, 0x0000000100000000)
  eden space 63488K, 0% used [0x00000000eb780000,0x00000000eb780000,0x00000000ef580000)
  from space 7168K, 0% used [0x00000000efc80000,0x00000000efc80000,0x00000000f0380000)
  to   space 7168K, 0% used [0x00000000ef580000,0x00000000ef580000,0x00000000efc80000)
 ParOldGen       total 33280K, used 5381K [0x00000000c2600000, 0x00000000c4680000, 0x00000000eb780000)
  object space 33280K, 16% used [0x00000000c2600000,0x00000000c2b41460,0x00000000c4680000)
 Metaspace       used 20671K, capacity 21204K, committed 21248K, reserved 1067008K
  class space    used 2657K, capacity 2812K, committed 2816K, reserved 1048576K
}
Event: 2.047 GC heap before
{Heap before GC invocations=8 (full 1):
 PSYoungGen      total 70656K, used 63488K [0x00000000eb780000, 0x00000000f0380000, 0x0000000100000000)
  eden space 63488K, 100% used [0x00000000eb780000,0x00000000ef580000,0x00000000ef580000)
  from space 7168K, 0% used [0x00000000efc80000,0x00000000efc80000,0x00000000f0380000)
  to   space 7168K, 0% used [0x00000000ef580000,0x00000000ef580000,0x00000000efc80000)
 ParOldGen       total 33280K, used 5381K [0x00000000c2600000, 0x00000000c4680000, 0x00000000eb780000)
  object space 33280K, 16% used [0x00000000c2600000,0x00000000c2b41460,0x00000000c4680000)
 Metaspace       used 23466K, capacity 24142K, committed 24192K, reserved 1071104K
  class space    used 3004K, capacity 3179K, committed 3200K, reserved 1048576K
Event: 2.052 GC heap after
Heap after GC invocations=8 (full 1):
 PSYoungGen      total 70656K, used 4051K [0x00000000eb780000, 0x00000000f2380000, 0x0000000100000000)
  eden space 63488K, 0% used [0x00000000eb780000,0x00000000eb780000,0x00000000ef580000)
  from space 7168K, 56% used [0x00000000ef580000,0x00000000ef974c70,0x00000000efc80000)
  to   space 6656K, 0% used [0x00000000f1d00000,0x00000000f1d00000,0x00000000f2380000)
 ParOldGen       total 33280K, used 5389K [0x00000000c2600000, 0x00000000c4680000, 0x00000000eb780000)
  object space 33280K, 16% used [0x00000000c2600000,0x00000000c2b43460,0x00000000c4680000)
 Metaspace       used 23466K, capacity 24142K, committed 24192K, reserved 1071104K
  class space    used 3004K, capacity 3179K, committed 3200K, reserved 1048576K
}
Event: 2.863 GC heap before
{Heap before GC invocations=9 (full 1):
 PSYoungGen      total 70656K, used 67539K [0x00000000eb780000, 0x00000000f2380000, 0x0000000100000000)
  eden space 63488K, 100% used [0x00000000eb780000,0x00000000ef580000,0x00000000ef580000)
  from space 7168K, 56% used [0x00000000ef580000,0x00000000ef974c70,0x00000000efc80000)
  to   space 6656K, 0% used [0x00000000f1d00000,0x00000000f1d00000,0x00000000f2380000)
 ParOldGen       total 33280K, used 5389K [0x00000000c2600000, 0x00000000c4680000, 0x00000000eb780000)
  object space 33280K, 16% used [0x00000000c2600000,0x00000000c2b43460,0x00000000c4680000)
 Metaspace       used 28383K, capacity 29406K, committed 29568K, reserved 1075200K
  class space    used 3656K, capacity 3907K, committed 3968K, reserved 1048576K
Event: 2.886 GC heap after
Heap after GC invocations=9 (full 1):
 PSYoungGen      total 101888K, used 6654K [0x00000000eb780000, 0x00000000f2900000, 0x0000000100000000)
  eden space 95232K, 0% used [0x00000000eb780000,0x00000000eb780000,0x00000000f1480000)
  from space 6656K, 99% used [0x00000000f1d00000,0x00000000f237f9f8,0x00000000f2380000)
  to   space 8704K, 0% used [0x00000000f1480000,0x00000000f1480000,0x00000000f1d00000)
 ParOldGen       total 33280K, used 8103K [0x00000000c2600000, 0x00000000c4680000, 0x00000000eb780000)
  object space 33280K, 24% used [0x00000000c2600000,0x00000000c2de9d98,0x00000000c4680000)
 Metaspace       used 28383K, capacity 29406K, committed 29568K, reserved 1075200K
  class space    used 3656K, capacity 3907K, committed 3968K, reserved 1048576K
}
Event: 3.595 GC heap before
{Heap before GC invocations=10 (full 1):
 PSYoungGen      total 101888K, used 101886K [0x00000000eb780000, 0x00000000f2900000, 0x0000000100000000)
  eden space 95232K, 100% used [0x00000000eb780000,0x00000000f1480000,0x00000000f1480000)
  from space 6656K, 99% used [0x00000000f1d00000,0x00000000f237f9f8,0x00000000f2380000)
  to   space 8704K, 0% used [0x00000000f1480000,0x00000000f1480000,0x00000000f1d00000)
 ParOldGen       total 33280K, used 8103K [0x00000000c2600000, 0x00000000c4680000, 0x00000000eb780000)
  object space 33280K, 24% used [0x00000000c2600000,0x00000000c2de9d98,0x00000000c4680000)
 Metaspace       used 32586K, capacity 33876K, committed 34176K, reserved 1079296K
  class space    used 4183K, capacity 4436K, committed 4480K, reserved 1048576K
Event: 3.618 GC heap after
Heap after GC invocations=10 (full 1):
 PSYoungGen      total 103936K, used 8697K [0x00000000eb780000, 0x00000000f4c00000, 0x0000000100000000)
  eden space 95232K, 0% used [0x00000000eb780000,0x00000000eb780000,0x00000000f1480000)
  from space 8704K, 99% used [0x00000000f1480000,0x00000000f1cfe5b0,0x00000000f1d00000)
  to   space 11776K, 0% used [0x00000000f4080000,0x00000000f4080000,0x00000000f4c00000)
 ParOldGen       total 33280K, used 13468K [0x00000000c2600000, 0x00000000c4680000, 0x00000000eb780000)
  object space 33280K, 40% used [0x00000000c2600000,0x00000000c33272a8,0x00000000c4680000)
 Metaspace       used 32586K, capacity 33876K, committed 34176K, reserved 1079296K
  class space    used 4183K, capacity 4436K, committed 4480K, reserved 1048576K
}
Event: 4.167 GC heap before
{Heap before GC invocations=11 (full 1):
 PSYoungGen      total 103936K, used 37636K [0x00000000eb780000, 0x00000000f4c00000, 0x0000000100000000)
  eden space 95232K, 30% used [0x00000000eb780000,0x00000000ed3c2d98,0x00000000f1480000)
  from space 8704K, 99% used [0x00000000f1480000,0x00000000f1cfe5b0,0x00000000f1d00000)
  to   space 11776K, 0% used [0x00000000f4080000,0x00000000f4080000,0x00000000f4c00000)
 ParOldGen       total 33280K, used 13468K [0x00000000c2600000, 0x00000000c4680000, 0x00000000eb780000)
  object space 33280K, 40% used [0x00000000c2600000,0x00000000c33272a8,0x00000000c4680000)
 Metaspace       used 33879K, capacity 35280K, committed 35416K, reserved 1079296K
  class space    used 4346K, capacity 4616K, committed 4696K, reserved 1048576K
Event: 4.234 GC heap after
Heap after GC invocations=11 (full 1):
 PSYoungGen      total 139776K, used 7856K [0x00000000eb780000, 0x00000000f5400000, 0x0000000100000000)
  eden space 128000K, 0% used [0x00000000eb780000,0x00000000eb780000,0x00000000f3480000)
  from space 11776K, 66% used [0x00000000f4080000,0x00000000f482c398,0x00000000f4c00000)
  to   space 12288K, 0% used [0x00000000f3480000,0x00000000f3480000,0x00000000f4080000)
 ParOldGen       total 33280K, used 17384K [0x00000000c2600000, 0x00000000c4680000, 0x00000000eb780000)
  object space 33280K, 52% used [0x00000000c2600000,0x00000000c36fa2e8,0x00000000c4680000)
 Metaspace       used 33879K, capacity 35280K, committed 35416K, reserved 1079296K
  class space    used 4346K, capacity 4616K, committed 4696K, reserved 1048576K
}
Event: 4.236 GC heap before
{Heap before GC invocations=12 (full 2):
 PSYoungGen      total 139776K, used 7856K [0x00000000eb780000, 0x00000000f5400000, 0x0000000100000000)
  eden space 128000K, 0% used [0x00000000eb780000,0x00000000eb780000,0x00000000f3480000)
  from space 11776K, 66% used [0x00000000f4080000,0x00000000f482c398,0x00000000f4c00000)
  to   space 12288K, 0% used [0x00000000f3480000,0x00000000f3480000,0x00000000f4080000)
 ParOldGen       total 33280K, used 17384K [0x00000000c2600000, 0x00000000c4680000, 0x00000000eb780000)
  object space 33280K, 52% used [0x00000000c2600000,0x00000000c36fa2e8,0x00000000c4680000)
 Metaspace       used 33879K, capacity 35280K, committed 35416K, reserved 1079296K
  class space    used 4346K, capacity 4616K, committed 4696K, reserved 1048576K

