# JRE version: Java(TM) SE Runtime Environment (8.0_151-b12) (build 1.8.0_151-b12)
# Java VM: Java HotSpot(TM) 64-Bit Server VM (25.151-b12 mixed mode linux-amd64 compressed oops)
Heap:
 PSYoungGen      total 107520K, used 7670K [0x00000000eb780000, 0x00000000f3f80000, 0x0000000100000000)
  eden space 99840K, 0% used [0x00000000eb780000,0x00000000eb780000,0x00000000f1900000)
  from space 7680K, 99% used [0x00000000f3080000,0x00000000f37fd9e8,0x00000000f3800000)
  to   space 4096K, 0% used [0x00000000f3b80000,0x00000000f3b80000,0x00000000f3f80000)
 ParOldGen       total 40448K, used 21074K [0x00000000c2600000, 0x00000000c4d80000, 0x00000000eb780000)
  object space 40448K, 52% used [0x00000000c2600000,0x00000000c3a949a8,0x00000000c4d80000)
 Metaspace       used 31885K, capacity 33228K, committed 33408K, reserved 1079296K
  class space    used 4099K, capacity 4362K, committed 4480K, reserved 1048576K
GC Heap History (10 events):
Event: 1.592 GC heap after
Heap after GC invocations=3 (full 0):
 PSYoungGen      total 34304K, used 2528K [0x00000000eb780000, 0x00000000efa80000, 0x0000000100000000)
  eden space 31744K, 0% used [0x00000000eb780000,0x00000000eb780000,0x00000000ed680000)
  from space 2560K, 98% used [0x00000000ed680000,0x00000000ed8f8020,0x00000000ed900000)
  to   space 2560K, 0% used [0x00000000ef800000,0x00000000ef800000,0x00000000efa80000)
 ParOldGen       total 42496K, used 5280K [0x00000000c2600000, 0x00000000c4f80000, 0x00000000eb780000)
  object space 42496K, 12% used [0x00000000c2600000,0x00000000c2b28200,0x00000000c4f80000)
 Metaspace       used 14113K, capacity 14516K, committed 14848K, reserved 1062912K
  class space    used 1865K, capacity 1996K, committed 2048K, reserved 1048576K
}
Event: 2.125 GC heap before
{Heap before GC invocations=4 (full 0):
 PSYoungGen      total 34304K, used 34272K [0x00000000eb780000, 0x00000000efa80000, 0x0000000100000000)
  eden space 31744K, 100% used [0x00000000eb780000,0x00000000ed680000,0x00000000ed680000)
  from space 2560K, 98% used [0x00000000ed680000,0x00000000ed8f8020,0x00000000ed900000)
  to   space 2560K, 0% used [0x00000000ef800000,0x00000000ef800000,0x00000000efa80000)
 ParOldGen       total 42496K, used 5280K [0x00000000c2600000, 0x00000000c4f80000, 0x00000000eb780000)
  object space 42496K, 12% used [0x00000000c2600000,0x00000000c2b28200,0x00000000c4f80000)
 Metaspace       used 19163K, capacity 19734K, committed 19840K, reserved 1067008K
  class space    used 2461K, capacity 2619K, committed 2688K, reserved 1048576K
Event: 2.136 GC heap after
Heap after GC invocations=4 (full 0):
 PSYoungGen      total 66048K, used 2528K [0x00000000eb780000, 0x00000000efa80000, 0x0000000100000000)
  eden space 63488K, 0% used [0x00000000eb780000,0x00000000eb780000,0x00000000ef580000)
  from space 2560K, 98% used [0x00000000ef800000,0x00000000efa78020,0x00000000efa80000)
  to   space 2560K, 0% used [0x00000000ef580000,0x00000000ef580000,0x00000000ef800000)
 ParOldGen       total 42496K, used 10212K [0x00000000c2600000, 0x00000000c4f80000, 0x00000000eb780000)
  object space 42496K, 24% used [0x00000000c2600000,0x00000000c2ff9018,0x00000000c4f80000)
 Metaspace       used 19163K, capacity 19734K, committed 19840K, reserved 1067008K
  class space    used 2461K, capacity 2619K, committed 2688K, reserved 1048576K
}
Event: 2.375 GC heap before
{Heap before GC invocations=5 (full 0):
 PSYoungGen      total 66048K, used 18822K [0x00000000eb780000, 0x00000000efa80000, 0x0000000100000000)
  eden space 63488K, 25% used [0x00000000eb780000,0x00000000ec769b70,0x00000000ef580000)
  from space 2560K, 98% used [0x00000000ef800000,0x00000000efa78020,0x00000000efa80000)
  to   space 2560K, 0% used [0x00000000ef580000,0x00000000ef580000,0x00000000ef800000)
 ParOldGen       total 42496K, used 10212K [0x00000000c2600000, 0x00000000c4f80000, 0x00000000eb780000)
  object space 42496K, 24% used [0x00000000c2600000,0x00000000c2ff9018,0x00000000c4f80000)
 Metaspace       used 20673K, capacity 21218K, committed 21248K, reserved 1067008K
  class space    used 2674K, capacity 2815K, committed 2816K, reserved 1048576K
Event: 2.381 GC heap after
Heap after GC invocations=5 (full 0):
 PSYoungGen      total 66048K, used 2544K [0x00000000eb780000, 0x00000000f4380000, 0x0000000100000000)
  eden space 63488K, 0% used [0x00000000eb780000,0x00000000eb780000,0x00000000ef580000)
  from space 2560K, 99% used [0x00000000ef580000,0x00000000ef7fc010,0x00000000ef800000)
  to   space 8192K, 0% used [0x00000000f3b80000,0x00000000f3b80000,0x00000000f4380000)
 ParOldGen       total 42496K, used 12406K [0x00000000c2600000, 0x00000000c4f80000, 0x00000000eb780000)
  object space 42496K, 29% used [0x00000000c2600000,0x00000000c321d810,0x00000000c4f80000)
 Metaspace       used 20673K, capacity 21218K, committed 21248K, reserved 1067008K
  class space    used 2674K, capacity 2815K, committed 2816K, reserved 1048576K
}
Event: 2.381 GC heap before
{Heap before GC invocations=6 (full 1):
 PSYoungGen      total 66048K, used 2544K [0x00000000eb780000, 0x00000000f4380000, 0x0000000100000000)
  eden space 63488K, 0% used [0x00000000eb780000,0x00000000eb780000,0x00000000ef580000)
  from space 2560K, 99% used [0x00000000ef580000,0x00000000ef7fc010,0x00000000ef800000)
  to   space 8192K, 0% used [0x00000000f3b80000,0x00000000f3b80000,0x00000000f4380000)
 ParOldGen       total 42496K, used 12406K [0x00000000c2600000, 0x00000000c4f80000, 0x00000000eb780000)
  object space 42496K, 29% used [0x00000000c2600000,0x00000000c321d810,0x00000000c4f80000)
 Metaspace       used 20673K, capacity 21218K, committed 21248K, reserved 1067008K
  class space    used 2674K, capacity 2815K, committed 2816K, reserved 1048576K
Event: 2.421 GC heap after
Heap after GC invocations=6 (full 1):
 PSYoungGen      total 66048K, used 0K [0x00000000eb780000, 0x00000000f4380000, 0x0000000100000000)
  eden space 63488K, 0% used [0x00000000eb780000,0x00000000eb780000,0x00000000ef580000)
  from space 2560K, 0% used [0x00000000ef580000,0x00000000ef580000,0x00000000ef800000)
  to   space 8192K, 0% used [0x00000000f3b80000,0x00000000f3b80000,0x00000000f4380000)
 ParOldGen       total 40448K, used 12647K [0x00000000c2600000, 0x00000000c4d80000, 0x00000000eb780000)
  object space 40448K, 31% used [0x00000000c2600000,0x00000000c3259e88,0x00000000c4d80000)
 Metaspace       used 20671K, capacity 21212K, committed 21248K, reserved 1067008K
  class space    used 2673K, capacity 2814K, committed 2816K, reserved 1048576K
}
Event: 2.966 GC heap before
{Heap before GC invocations=7 (full 1):
 PSYoungGen      total 66048K, used 63488K [0x00000000eb780000, 0x00000000f4380000, 0x0000000100000000)
  eden space 63488K, 100% used [0x00000000eb780000,0x00000000ef580000,0x00000000ef580000)
  from space 2560K, 0% used [0x00000000ef580000,0x00000000ef580000,0x00000000ef800000)
  to   space 8192K, 0% used [0x00000000f3b80000,0x00000000f3b80000,0x00000000f4380000)
 ParOldGen       total 40448K, used 12647K [0x00000000c2600000, 0x00000000c4d80000, 0x00000000eb780000)
  object space 40448K, 31% used [0x00000000c2600000,0x00000000c3259e88,0x00000000c4d80000)
 Metaspace       used 23591K, capacity 24306K, committed 24448K, reserved 1071104K
  class space    used 3028K, capacity 3189K, committed 3200K, reserved 1048576K
Event: 2.973 GC heap after
Heap after GC invocations=7 (full 1):
 PSYoungGen      total 103936K, used 3978K [0x00000000eb780000, 0x00000000f3f80000, 0x0000000100000000)
  eden space 99840K, 0% used [0x00000000eb780000,0x00000000eb780000,0x00000000f1900000)
  from space 4096K, 97% used [0x00000000f3b80000,0x00000000f3f629a0,0x00000000f3f80000)
  to   space 7680K, 0% used [0x00000000f3080000,0x00000000f3080000,0x00000000f3800000)
 ParOldGen       total 40448K, used 12719K [0x00000000c2600000, 0x00000000c4d80000, 0x00000000eb780000)
  object space 40448K, 31% used [0x00000000c2600000,0x00000000c326be98,0x00000000c4d80000)
 Metaspace       used 23591K, capacity 24306K, committed 24448K, reserved 1071104K
  class space    used 3028K, capacity 3189K, committed 3200K, reserved 1048576K
}
Event: 4.899 GC heap before
{Heap before GC invocations=8 (full 1):
 PSYoungGen      total 103936K, used 103798K [0x00000000eb780000, 0x00000000f3f80000, 0x0000000100000000)
  eden space 99840K, 99% used [0x00000000eb780000,0x00000000f18faf78,0x00000000f1900000)
  from space 4096K, 97% used [0x00000000f3b80000,0x00000000f3f629a0,0x00000000f3f80000)
  to   space 7680K, 0% used [0x00000000f3080000,0x00000000f3080000,0x00000000f3800000)
 ParOldGen       total 40448K, used 12719K [0x00000000c2600000, 0x00000000c4d80000, 0x00000000eb780000)
  object space 40448K, 31% used [0x00000000c2600000,0x00000000c326be98,0x00000000c4d80000)
 Metaspace       used 31885K, capacity 33228K, committed 33408K, reserved 1079296K
  class space    used 4099K, capacity 4362K, committed 4480K, reserved 1048576K

