# JRE version: Java(TM) SE Runtime Environment (8.0_151-b12) (build 1.8.0_151-b12)
# Java VM: Java HotSpot(TM) 64-Bit Server VM (25.151-b12 mixed mode linux-amd64 compressed oops)
Heap:
 PSYoungGen      total 193536K, used 13299K [0x00000000eb780000, 0x00000000f8480000, 0x0000000100000000)
  eden space 180224K, 0% used [0x00000000eb780000,0x00000000eb780000,0x00000000f6780000)
  from space 13312K, 99% used [0x00000000f6780000,0x00000000f747ce88,0x00000000f7480000)
  to   space 12288K, 0% used [0x00000000f7480000,0x00000000f7480000,0x00000000f8080000)
 ParOldGen       total 47104K, used 26079K [0x00000000c2600000, 0x00000000c5400000, 0x00000000eb780000)
  object space 47104K, 55% used [0x00000000c2600000,0x00000000c3f77f98,0x00000000c5400000)
 Metaspace       used 52127K, capacity 53818K, committed 54232K, reserved 1095680K
  class space    used 7032K, capacity 7361K, committed 7424K, reserved 1048576K
GC Heap History (10 events):
Event: 2.353 GC heap after
Heap after GC invocations=8 (full 1):
 PSYoungGen      total 70144K, used 0K [0x00000000eb780000, 0x00000000f4080000, 0x0000000100000000)
  eden space 61952K, 0% used [0x00000000eb780000,0x00000000eb780000,0x00000000ef400000)
  from space 8192K, 0% used [0x00000000ef400000,0x00000000ef400000,0x00000000efc00000)
  to   space 8192K, 0% used [0x00000000f3880000,0x00000000f3880000,0x00000000f4080000)
 ParOldGen       total 25600K, used 4676K [0x00000000c2600000, 0x00000000c3f00000, 0x00000000eb780000)
  object space 25600K, 18% used [0x00000000c2600000,0x00000000c2a91270,0x00000000c3f00000)
 Metaspace       used 20667K, capacity 21160K, committed 21248K, reserved 1067008K
  class space    used 2665K, capacity 2814K, committed 2816K, reserved 1048576K
}
Event: 2.960 GC heap before
{Heap before GC invocations=9 (full 1):
 PSYoungGen      total 70144K, used 61952K [0x00000000eb780000, 0x00000000f4080000, 0x0000000100000000)
  eden space 61952K, 100% used [0x00000000eb780000,0x00000000ef400000,0x00000000ef400000)
  from space 8192K, 0% used [0x00000000ef400000,0x00000000ef400000,0x00000000efc00000)
  to   space 8192K, 0% used [0x00000000f3880000,0x00000000f3880000,0x00000000f4080000)
 ParOldGen       total 25600K, used 4676K [0x00000000c2600000, 0x00000000c3f00000, 0x00000000eb780000)
  object space 25600K, 18% used [0x00000000c2600000,0x00000000c2a91270,0x00000000c3f00000)
 Metaspace       used 23539K, capacity 24254K, committed 24448K, reserved 1071104K
  class space    used 3012K, capacity 3189K, committed 3200K, reserved 1048576K
Event: 2.975 GC heap after
Heap after GC invocations=9 (full 1):
 PSYoungGen      total 122368K, used 3941K [0x00000000eb780000, 0x00000000f3c80000, 0x0000000100000000)
  eden space 118272K, 0% used [0x00000000eb780000,0x00000000eb780000,0x00000000f2b00000)
  from space 4096K, 96% used [0x00000000f3880000,0x00000000f3c595c8,0x00000000f3c80000)
  to   space 7680K, 0% used [0x00000000f2d80000,0x00000000f2d80000,0x00000000f3500000)
 ParOldGen       total 25600K, used 4684K [0x00000000c2600000, 0x00000000c3f00000, 0x00000000eb780000)
  object space 25600K, 18% used [0x00000000c2600000,0x00000000c2a93270,0x00000000c3f00000)
 Metaspace       used 23539K, capacity 24254K, committed 24448K, reserved 1071104K
  class space    used 3012K, capacity 3189K, committed 3200K, reserved 1048576K
}
Event: 4.785 GC heap before
{Heap before GC invocations=10 (full 1):
 PSYoungGen      total 122368K, used 122204K [0x00000000eb780000, 0x00000000f3c80000, 0x0000000100000000)
  eden space 118272K, 99% used [0x00000000eb780000,0x00000000f2afdc38,0x00000000f2b00000)
  from space 4096K, 96% used [0x00000000f3880000,0x00000000f3c595c8,0x00000000f3c80000)
  to   space 7680K, 0% used [0x00000000f2d80000,0x00000000f2d80000,0x00000000f3500000)
 ParOldGen       total 25600K, used 4684K [0x00000000c2600000, 0x00000000c3f00000, 0x00000000eb780000)
  object space 25600K, 18% used [0x00000000c2600000,0x00000000c2a93270,0x00000000c3f00000)
 Metaspace       used 31858K, capacity 33112K, committed 33408K, reserved 1079296K
  class space    used 4098K, capacity 4362K, committed 4480K, reserved 1048576K
Event: 4.816 GC heap after
Heap after GC invocations=10 (full 1):
 PSYoungGen      total 128512K, used 7662K [0x00000000eb780000, 0x00000000f8080000, 0x0000000100000000)
  eden space 120832K, 0% used [0x00000000eb780000,0x00000000eb780000,0x00000000f2d80000)
  from space 7680K, 99% used [0x00000000f2d80000,0x00000000f34fb8b0,0x00000000f3500000)
  to   space 12288K, 0% used [0x00000000f7480000,0x00000000f7480000,0x00000000f8080000)
 ParOldGen       total 25600K, used 13235K [0x00000000c2600000, 0x00000000c3f00000, 0x00000000eb780000)
  object space 25600K, 51% used [0x00000000c2600000,0x00000000c32ecf40,0x00000000c3f00000)
 Metaspace       used 31858K, capacity 33112K, committed 33408K, reserved 1079296K
  class space    used 4098K, capacity 4362K, committed 4480K, reserved 1048576K
}
Event: 5.597 GC heap before
{Heap before GC invocations=11 (full 1):
 PSYoungGen      total 128512K, used 77369K [0x00000000eb780000, 0x00000000f8080000, 0x0000000100000000)
  eden space 120832K, 57% used [0x00000000eb780000,0x00000000efb92c98,0x00000000f2d80000)
  from space 7680K, 99% used [0x00000000f2d80000,0x00000000f34fb8b0,0x00000000f3500000)
  to   space 12288K, 0% used [0x00000000f7480000,0x00000000f7480000,0x00000000f8080000)
 ParOldGen       total 25600K, used 13235K [0x00000000c2600000, 0x00000000c3f00000, 0x00000000eb780000)
  object space 25600K, 51% used [0x00000000c2600000,0x00000000c32ecf40,0x00000000c3f00000)
 Metaspace       used 33862K, capacity 35238K, committed 35416K, reserved 1079296K
  class space    used 4352K, capacity 4617K, committed 4736K, reserved 1048576K
Event: 5.617 GC heap after
Heap after GC invocations=11 (full 1):
 PSYoungGen      total 192512K, used 9593K [0x00000000eb780000, 0x00000000f8480000, 0x0000000100000000)
  eden space 180224K, 0% used [0x00000000eb780000,0x00000000eb780000,0x00000000f6780000)
  from space 12288K, 78% used [0x00000000f7480000,0x00000000f7dde688,0x00000000f8080000)
  to   space 13312K, 0% used [0x00000000f6780000,0x00000000f6780000,0x00000000f7480000)
 ParOldGen       total 25600K, used 15468K [0x00000000c2600000, 0x00000000c3f00000, 0x00000000eb780000)
  object space 25600K, 60% used [0x00000000c2600000,0x00000000c351b288,0x00000000c3f00000)
 Metaspace       used 33862K, capacity 35238K, committed 35416K, reserved 1079296K
  class space    used 4352K, capacity 4617K, committed 4736K, reserved 1048576K
}
Event: 5.617 GC heap before
{Heap before GC invocations=12 (full 2):
 PSYoungGen      total 192512K, used 9593K [0x00000000eb780000, 0x00000000f8480000, 0x0000000100000000)
  eden space 180224K, 0% used [0x00000000eb780000,0x00000000eb780000,0x00000000f6780000)
  from space 12288K, 78% used [0x00000000f7480000,0x00000000f7dde688,0x00000000f8080000)
  to   space 13312K, 0% used [0x00000000f6780000,0x00000000f6780000,0x00000000f7480000)
 ParOldGen       total 25600K, used 15468K [0x00000000c2600000, 0x00000000c3f00000, 0x00000000eb780000)
  object space 25600K, 60% used [0x00000000c2600000,0x00000000c351b288,0x00000000c3f00000)
 Metaspace       used 33862K, capacity 35238K, committed 35416K, reserved 1079296K
  class space    used 4352K, capacity 4617K, committed 4736K, reserved 1048576K
Event: 5.747 GC heap after
Heap after GC invocations=12 (full 2):
 PSYoungGen      total 192512K, used 0K [0x00000000eb780000, 0x00000000f8480000, 0x0000000100000000)
  eden space 180224K, 0% used [0x00000000eb780000,0x00000000eb780000,0x00000000f6780000)
  from space 12288K, 0% used [0x00000000f7480000,0x00000000f7480000,0x00000000f8080000)
  to   space 13312K, 0% used [0x00000000f6780000,0x00000000f6780000,0x00000000f7480000)
 ParOldGen       total 47104K, used 19203K [0x00000000c2600000, 0x00000000c5400000, 0x00000000eb780000)
  object space 47104K, 40% used [0x00000000c2600000,0x00000000c38c0e00,0x00000000c5400000)
 Metaspace       used 33862K, capacity 35238K, committed 35416K, reserved 1079296K
  class space    used 4352K, capacity 4617K, committed 4736K, reserved 1048576K
}
Event: 8.926 GC heap before
{Heap before GC invocations=13 (full 2):
 PSYoungGen      total 192512K, used 180224K [0x00000000eb780000, 0x00000000f8480000, 0x0000000100000000)
  eden space 180224K, 100% used [0x00000000eb780000,0x00000000f6780000,0x00000000f6780000)
  from space 12288K, 0% used [0x00000000f7480000,0x00000000f7480000,0x00000000f8080000)
  to   space 13312K, 0% used [0x00000000f6780000,0x00000000f6780000,0x00000000f7480000)
 ParOldGen       total 47104K, used 19203K [0x00000000c2600000, 0x00000000c5400000, 0x00000000eb780000)
  object space 47104K, 40% used [0x00000000c2600000,0x00000000c38c0e00,0x00000000c5400000)
 Metaspace       used 52127K, capacity 53818K, committed 54232K, reserved 1095680K
  class space    used 7032K, capacity 7361K, committed 7424K, reserved 1048576K

