# JRE version: Java(TM) SE Runtime Environment (8.0_151-b12) (build 1.8.0_151-b12)
# Java VM: Java HotSpot(TM) 64-Bit Server VM (25.151-b12 mixed mode linux-amd64 compressed oops)
Heap:
 PSYoungGen      total 176128K, used 0K [0x00000000eb780000, 0x00000000f7700000, 0x0000000100000000)
  eden space 164864K, 0% used [0x00000000eb780000,0x00000000eb780000,0x00000000f5880000)
  from space 11264K, 0% used [0x00000000f6c00000,0x00000000f6c00000,0x00000000f7700000)
  to   space 15360K, 0% used [0x00000000f5900000,0x00000000f5900000,0x00000000f6800000)
 ParOldGen       total 58368K, used 30714K [0x00000000c2600000, 0x00000000c5f00000, 0x00000000eb780000)
  object space 58368K, 52% used [0x00000000c2600000,0x00000000c43fead0,0x00000000c5f00000)
 Metaspace       used 57052K, capacity 58936K, committed 58968K, reserved 1099776K
  class space    used 7662K, capacity 8014K, committed 8024K, reserved 1048576K
GC Heap History (10 events):
Event: 4.103 GC heap after
Heap after GC invocations=10 (full 1):
 PSYoungGen      total 106496K, used 8688K [0x00000000eb780000, 0x00000000f4f80000, 0x0000000100000000)
  eden space 97792K, 0% used [0x00000000eb780000,0x00000000eb780000,0x00000000f1700000)
  from space 8704K, 99% used [0x00000000f1700000,0x00000000f1f7c378,0x00000000f1f80000)
  to   space 12288K, 0% used [0x00000000f4380000,0x00000000f4380000,0x00000000f4f80000)
 ParOldGen       total 38400K, used 19972K [0x00000000c2600000, 0x00000000c4b80000, 0x00000000eb780000)
  object space 38400K, 52% used [0x00000000c2600000,0x00000000c3981058,0x00000000c4b80000)
 Metaspace       used 32772K, capacity 34080K, committed 34176K, reserved 1079296K
  class space    used 4198K, capacity 4478K, committed 4480K, reserved 1048576K
}
Event: 4.338 GC heap before
{Heap before GC invocations=11 (full 1):
 PSYoungGen      total 106496K, used 33701K [0x00000000eb780000, 0x00000000f4f80000, 0x0000000100000000)
  eden space 97792K, 25% used [0x00000000eb780000,0x00000000ecfed2b0,0x00000000f1700000)
  from space 8704K, 99% used [0x00000000f1700000,0x00000000f1f7c378,0x00000000f1f80000)
  to   space 12288K, 0% used [0x00000000f4380000,0x00000000f4380000,0x00000000f4f80000)
 ParOldGen       total 38400K, used 19972K [0x00000000c2600000, 0x00000000c4b80000, 0x00000000eb780000)
  object space 38400K, 52% used [0x00000000c2600000,0x00000000c3981058,0x00000000c4b80000)
 Metaspace       used 33903K, capacity 35282K, committed 35416K, reserved 1079296K
  class space    used 4350K, capacity 4617K, committed 4696K, reserved 1048576K
Event: 4.349 GC heap after
Heap after GC invocations=11 (full 1):
 PSYoungGen      total 143872K, used 5098K [0x00000000eb780000, 0x00000000f5180000, 0x0000000100000000)
  eden space 131584K, 0% used [0x00000000eb780000,0x00000000eb780000,0x00000000f3800000)
  from space 12288K, 41% used [0x00000000f4380000,0x00000000f487a880,0x00000000f4f80000)
  to   space 11776K, 0% used [0x00000000f3800000,0x00000000f3800000,0x00000000f4380000)
 ParOldGen       total 38400K, used 25785K [0x00000000c2600000, 0x00000000c4b80000, 0x00000000eb780000)
  object space 38400K, 67% used [0x00000000c2600000,0x00000000c3f2e410,0x00000000c4b80000)
 Metaspace       used 33903K, capacity 35282K, committed 35416K, reserved 1079296K
  class space    used 4350K, capacity 4617K, committed 4696K, reserved 1048576K
}
Event: 4.349 GC heap before
{Heap before GC invocations=12 (full 2):
 PSYoungGen      total 143872K, used 5098K [0x00000000eb780000, 0x00000000f5180000, 0x0000000100000000)
  eden space 131584K, 0% used [0x00000000eb780000,0x00000000eb780000,0x00000000f3800000)
  from space 12288K, 41% used [0x00000000f4380000,0x00000000f487a880,0x00000000f4f80000)
  to   space 11776K, 0% used [0x00000000f3800000,0x00000000f3800000,0x00000000f4380000)
 ParOldGen       total 38400K, used 25785K [0x00000000c2600000, 0x00000000c4b80000, 0x00000000eb780000)
  object space 38400K, 67% used [0x00000000c2600000,0x00000000c3f2e410,0x00000000c4b80000)
 Metaspace       used 33903K, capacity 35282K, committed 35416K, reserved 1079296K
  class space    used 4350K, capacity 4617K, committed 4696K, reserved 1048576K
Event: 4.414 GC heap after
Heap after GC invocations=12 (full 2):
 PSYoungGen      total 143872K, used 0K [0x00000000eb780000, 0x00000000f5180000, 0x0000000100000000)
  eden space 131584K, 0% used [0x00000000eb780000,0x00000000eb780000,0x00000000f3800000)
  from space 12288K, 0% used [0x00000000f4380000,0x00000000f4380000,0x00000000f4f80000)
  to   space 11776K, 0% used [0x00000000f3800000,0x00000000f3800000,0x00000000f4380000)
 ParOldGen       total 58368K, used 17854K [0x00000000c2600000, 0x00000000c5f00000, 0x00000000eb780000)
  object space 58368K, 30% used [0x00000000c2600000,0x00000000c376fa50,0x00000000c5f00000)
 Metaspace       used 33903K, capacity 35282K, committed 35416K, reserved 1079296K
  class space    used 4350K, capacity 4617K, committed 4696K, reserved 1048576K
}
Event: 6.031 GC heap before
{Heap before GC invocations=13 (full 2):
 PSYoungGen      total 143872K, used 131584K [0x00000000eb780000, 0x00000000f5180000, 0x0000000100000000)
  eden space 131584K, 100% used [0x00000000eb780000,0x00000000f3800000,0x00000000f3800000)
  from space 12288K, 0% used [0x00000000f4380000,0x00000000f4380000,0x00000000f4f80000)
  to   space 11776K, 0% used [0x00000000f3800000,0x00000000f3800000,0x00000000f4380000)
 ParOldGen       total 58368K, used 17854K [0x00000000c2600000, 0x00000000c5f00000, 0x00000000eb780000)
  object space 58368K, 30% used [0x00000000c2600000,0x00000000c376fa50,0x00000000c5f00000)
 Metaspace       used 47960K, capacity 49576K, committed 50008K, reserved 1093632K
  class space    used 6312K, capacity 6632K, committed 6744K, reserved 1048576K
Event: 6.046 GC heap after
Heap after GC invocations=13 (full 2):
 PSYoungGen      total 143360K, used 11775K [0x00000000eb780000, 0x00000000f7a80000, 0x0000000100000000)
  eden space 131584K, 0% used [0x00000000eb780000,0x00000000eb780000,0x00000000f3800000)
  from space 11776K, 99% used [0x00000000f3800000,0x00000000f437ff00,0x00000000f4380000)
  to   space 14848K, 0% used [0x00000000f6c00000,0x00000000f6c00000,0x00000000f7a80000)
 ParOldGen       total 58368K, used 21617K [0x00000000c2600000, 0x00000000c5f00000, 0x00000000eb780000)
  object space 58368K, 37% used [0x00000000c2600000,0x00000000c3b1c6b8,0x00000000c5f00000)
 Metaspace       used 47960K, capacity 49576K, committed 50008K, reserved 1093632K
  class space    used 6312K, capacity 6632K, committed 6744K, reserved 1048576K
}
Event: 49.948 GC heap before
{Heap before GC invocations=14 (full 2):
 PSYoungGen      total 143360K, used 131197K [0x00000000eb780000, 0x00000000f7a80000, 0x0000000100000000)
  eden space 131584K, 90% used [0x00000000eb780000,0x00000000f2c1f7c8,0x00000000f3800000)
  from space 11776K, 99% used [0x00000000f3800000,0x00000000f437ff00,0x00000000f4380000)
  to   space 14848K, 0% used [0x00000000f6c00000,0x00000000f6c00000,0x00000000f7a80000)
 ParOldGen       total 58368K, used 21617K [0x00000000c2600000, 0x00000000c5f00000, 0x00000000eb780000)
  object space 58368K, 37% used [0x00000000c2600000,0x00000000c3b1c6b8,0x00000000c5f00000)
 Metaspace       used 57052K, capacity 58936K, committed 58968K, reserved 1099776K
  class space    used 7662K, capacity 8014K, committed 8024K, reserved 1048576K
Event: 50.019 GC heap after
Heap after GC invocations=14 (full 2):
 PSYoungGen      total 176128K, used 11201K [0x00000000eb780000, 0x00000000f7700000, 0x0000000100000000)
  eden space 164864K, 0% used [0x00000000eb780000,0x00000000eb780000,0x00000000f5880000)
  from space 11264K, 99% used [0x00000000f6c00000,0x00000000f76f0688,0x00000000f7700000)
  to   space 15360K, 0% used [0x00000000f5900000,0x00000000f5900000,0x00000000f6800000)
 ParOldGen       total 58368K, used 26858K [0x00000000c2600000, 0x00000000c5f00000, 0x00000000eb780000)
  object space 58368K, 46% used [0x00000000c2600000,0x00000000c403aa28,0x00000000c5f00000)
 Metaspace       used 57052K, capacity 58936K, committed 58968K, reserved 1099776K
  class space    used 7662K, capacity 8014K, committed 8024K, reserved 1048576K
}
Event: 50.023 GC heap before
{Heap before GC invocations=15 (full 3):
 PSYoungGen      total 176128K, used 11201K [0x00000000eb780000, 0x00000000f7700000, 0x0000000100000000)
  eden space 164864K, 0% used [0x00000000eb780000,0x00000000eb780000,0x00000000f5880000)
  from space 11264K, 99% used [0x00000000f6c00000,0x00000000f76f0688,0x00000000f7700000)
  to   space 15360K, 0% used [0x00000000f5900000,0x00000000f5900000,0x00000000f6800000)
 ParOldGen       total 58368K, used 26858K [0x00000000c2600000, 0x00000000c5f00000, 0x00000000eb780000)
  object space 58368K, 46% used [0x00000000c2600000,0x00000000c403aa28,0x00000000c5f00000)
 Metaspace       used 57052K, capacity 58936K, committed 58968K, reserved 1099776K
  class space    used 7662K, capacity 8014K, committed 8024K, reserved 1048576K

